<?xml version="1.0" encoding="UTF-8"?>
<!-- Generated by org.testng.reporters.JUnitReportReporter -->
<testsuite skipped="0" hostname="LAPTOP-AGHJRJVA" name="org.walletHub.testcases.TC001_Assignment_1" tests="1" failures="0" timestamp="2020-05-03T02:37:37 IST" time="54.286" errors="0">
  <testcase name="assignment_1" time="54.286" classname="org.walletHub.testcases.TC001_Assignment_1"/>
</testsuite> <!-- org.walletHub.testcases.TC001_Assignment_1 -->
