<?xml version="1.0" encoding="UTF-8"?>
<!-- Generated by org.testng.reporters.JUnitReportReporter -->
<testsuite skipped="0" hostname="LAPTOP-AGHJRJVA" name="org.walletHub.testcases.TC002_Assignment_2" tests="1" failures="0" timestamp="2020-05-03T02:37:37 IST" time="40.392" errors="0">
  <testcase name="assignment_2" time="40.392" classname="org.walletHub.testcases.TC002_Assignment_2"/>
</testsuite> <!-- org.walletHub.testcases.TC002_Assignment_2 -->
